----------
CREATE TABLE `locales_source` (
  `lid` int(11) NOT NULL AUTO_INCREMENT COMMENT 'Unique identifier of this string.',
  `location` longtext COMMENT 'Drupal path in case of online discovered translations or file path in case of imported strings.',
  `textgroup` varchar(255) NOT NULL DEFAULT 'default' COMMENT 'A module defined group of translations, see hook_locale().',
  `source` blob NOT NULL COMMENT 'The original string in English.',
  `context` varchar(255) NOT NULL DEFAULT '' COMMENT 'The context this string applies to.',
  `version` varchar(20) NOT NULL DEFAULT 'none' COMMENT 'Version of Drupal, where the string was last used (for locales optimization).',
  PRIMARY KEY (`lid`),
  KEY `source_context` (`source`(30),`context`)
) ENGINE=MyISAM AUTO_INCREMENT=10784 DEFAULT CHARSET=utf8 PAGE_CHECKSUM=0 TRANSACTIONAL=0 COMMENT='List of English source strings.'
----------
CREATE TABLE `locales_source` (
  `lid` int(11) NOT NULL AUTO_INCREMENT COMMENT 'Unique identifier of this string.',
  `location` longtext COMMENT 'Drupal path in case of online discovered translations or file path in case of imported strings.',
  `textgroup` varchar(255) NOT NULL DEFAULT 'default' COMMENT 'A module defined group of translations, see hook_locale().',
  `source` blob NOT NULL COMMENT 'The original string in English.',
  `context` varchar(255) NOT NULL DEFAULT '' COMMENT 'The context this string applies to.',
  `version` varchar(20) NOT NULL DEFAULT 'none' COMMENT 'Version of Drupal, where the string was last used (for locales optimization).',
  PRIMARY KEY (`lid`),
  KEY `source_context` (`source`(30),`context`)
) ENGINE=MyISAM AUTO_INCREMENT=10784 DEFAULT CHARSET=utf8 PAGE_CHECKSUM=0 TRANSACTIONAL=0 COMMENT='List of English source strings.'
----------
CREATE TABLE `locales_source` (
  `lid` int(11) NOT NULL AUTO_INCREMENT COMMENT 'Unique identifier of this string.',
  `location` longtext COMMENT 'Drupal path in case of online discovered translations or file path in case of imported strings.',
  `textgroup` varchar(255) NOT NULL DEFAULT 'default' COMMENT 'A module defined group of translations, see hook_locale().',
  `source` blob NOT NULL COMMENT 'The original string in English.',
  `context` varchar(255) NOT NULL DEFAULT '' COMMENT 'The context this string applies to.',
  `version` varchar(20) NOT NULL DEFAULT 'none' COMMENT 'Version of Drupal, where the string was last used (for locales optimization).',
  PRIMARY KEY (`lid`),
  KEY `source_context` (`source`(30),`context`)
) ENGINE=MyISAM AUTO_INCREMENT=10784 DEFAULT CHARSET=utf8 PAGE_CHECKSUM=0 TRANSACTIONAL=0 COMMENT='List of English source strings.'
----------
CREATE TABLE `locales_source` (
  `lid` int(11) NOT NULL AUTO_INCREMENT COMMENT 'Unique identifier of this string.',
  `location` longtext COMMENT 'Drupal path in case of online discovered translations or file path in case of imported strings.',
  `textgroup` varchar(255) NOT NULL DEFAULT 'default' COMMENT 'A module defined group of translations, see hook_locale().',
  `source` blob NOT NULL COMMENT 'The original string in English.',
  `context` varchar(255) NOT NULL DEFAULT '' COMMENT 'The context this string applies to.',
  `version` varchar(20) NOT NULL DEFAULT 'none' COMMENT 'Version of Drupal, where the string was last used (for locales optimization).',
  PRIMARY KEY (`lid`),
  KEY `source_context` (`source`(30),`context`)
) ENGINE=MyISAM AUTO_INCREMENT=10784 DEFAULT CHARSET=utf8 PAGE_CHECKSUM=0 TRANSACTIONAL=0 COMMENT='List of English source strings.'
----------
CREATE TABLE `locales_target` (
  `lid` int(11) NOT NULL DEFAULT '0' COMMENT 'Source string ID. References locales_source.lid.',
  `translation` blob NOT NULL COMMENT 'Translation string value in this language.',
  `language` varchar(12) NOT NULL DEFAULT '' COMMENT 'Language code. References languages.language.',
  `plid` int(11) NOT NULL DEFAULT '0' COMMENT 'Parent lid (lid of the previous string in the plural chain) in case of plural strings. References locales_source.lid.',
  `plural` int(11) NOT NULL DEFAULT '0' COMMENT 'Plural index number in case of plural strings.',
  `l10n_status` int(11) NOT NULL DEFAULT '0',
  PRIMARY KEY (`language`,`lid`,`plural`),
  KEY `lid` (`lid`),
  KEY `plid` (`plid`),
  KEY `plural` (`plural`)
) ENGINE=MyISAM DEFAULT CHARSET=utf8 PAGE_CHECKSUM=0 COMMENT='Stores translated versions of strings.'
----------
CREATE TABLE `locales_target` (
  `lid` int(11) NOT NULL DEFAULT '0' COMMENT 'Source string ID. References locales_source.lid.',
  `translation` blob NOT NULL COMMENT 'Translation string value in this language.',
  `language` varchar(12) NOT NULL DEFAULT '' COMMENT 'Language code. References languages.language.',
  `plid` int(11) NOT NULL DEFAULT '0' COMMENT 'Parent lid (lid of the previous string in the plural chain) in case of plural strings. References locales_source.lid.',
  `plural` int(11) NOT NULL DEFAULT '0' COMMENT 'Plural index number in case of plural strings.',
  `l10n_status` int(11) NOT NULL DEFAULT '0',
  PRIMARY KEY (`language`,`lid`,`plural`),
  KEY `lid` (`lid`),
  KEY `plid` (`plid`),
  KEY `plural` (`plural`)
) ENGINE=MyISAM DEFAULT CHARSET=utf8 PAGE_CHECKSUM=0 COMMENT='Stores translated versions of strings.'
